This file contains any messages produced by compilers while
running configure, to aid debugging if configure makes a mistake.

It was created by libsecp256k1 configure 0.1, which was
generated by GNU Autoconf 2.71.  Invocation command line was

  $ /home/yunhao/osdi/themis-src-anon/Aequitas-hotstuff/libhotstuff/secp256k1/configure --disable-shared --with-pic --with-bignum=no --enable-module-recovery

## --------- ##
## Platform. ##
## --------- ##

hostname = yunhao-OptiPlex-7050
uname -m = x86_64
uname -r = 5.15.0-88-generic
uname -s = Linux
uname -v = #98-Ubuntu SMP Mon Oct 2 15:18:56 UTC 2023

/usr/bin/uname -p = x86_64
/bin/uname -X     = unknown

/bin/arch              = x86_64
/usr/bin/arch -k       = unknown
/usr/convex/getsysinfo = unknown
/usr/bin/hostinfo      = unknown
/bin/machine           = unknown
/usr/bin/oslevel       = unknown
/bin/universe          = unknown

PATH: /home/yunhao/gems/bin/
PATH: /media/yunhao/DATA1/riscv/Xilinx_install/Vivado/2020.1/bin/
PATH: /media/yunhao/DATA1/riscv/Xilinx_install/Vivado/2020.1/bin/
PATH: /home/yunhao/.local/share/solana/install/active_release/bin/
PATH: /home/yunhao/gems/bin/
PATH: /opt/intel/oneapi/dev-utilities/2021.1-beta10/bin/
PATH: /media/yunhao/DATA1/riscv/Xilinx_install/Vivado/2020.1/bin/
PATH: /media/yunhao/DATA1/riscv/Xilinx_install/Vivado/2020.1/bin/
PATH: /home/yunhao/.local/share/solana/install/active_release/bin/
PATH: /home/yunhao/.cargo/bin/
PATH: /usr/local/sbin/
PATH: /usr/local/bin/
PATH: /usr/sbin/
PATH: /usr/bin/
PATH: /sbin/
PATH: /bin/
PATH: /usr/games/
PATH: /usr/local/games/
PATH: /snap/bin/
PATH: /snap/bin/
PATH: /home/yunhao/.foundry/bin/
PATH: /home/yunhao/.foundry/bin/
PATH: /home/linuxbrew/.linuxbrew/bin/
PATH: /home/yunhao/arty/riscv64-unknown-elf-gcc/bin/
PATH: /home/yunhao/arty/riscv64-unknown-elf-gcc/
PATH: /media/yunhao/DATA1/riscv/riscv32-unknown-elf-gcc/bin/
PATH: /home/yunhao/arty/riscv-qemu-5.2.0-2020.12.0-preview1-x86_64-linux-ubuntu14/bin/
PATH: /home/yunhao/arty/openocd-0.11.0-1/bin/
PATH: /usr/local/go/bin/
PATH: /home/yunhao/install/jdk1.8.0_144/bin/
PATH: /home/yunhao/install/scala-2.11.11/bin/
PATH: /home/yunhao/.foundry/bin/
PATH: /home/linuxbrew/.linuxbrew/bin/
PATH: /home/yunhao/arty/riscv64-unknown-elf-gcc/bin/
PATH: /home/yunhao/arty/riscv64-unknown-elf-gcc/
PATH: /media/yunhao/DATA1/riscv/riscv32-unknown-elf-gcc/bin/
PATH: /home/yunhao/arty/riscv-qemu-5.2.0-2020.12.0-preview1-x86_64-linux-ubuntu14/bin/
PATH: /home/yunhao/arty/openocd-0.11.0-1/bin/
PATH: /usr/local/go/bin/
PATH: /home/yunhao/install/jdk1.8.0_144/bin/
PATH: /home/yunhao/install/scala-2.11.11/bin/


## ----------- ##
## Core tests. ##
## ----------- ##

configure:2595: looking for aux files: compile ltmain.sh missing install-sh config.guess config.sub
configure:2608:  trying ./build-aux/
configure:2637:   ./build-aux/compile found
configure:2637:   ./build-aux/ltmain.sh found
configure:2637:   ./build-aux/missing found
configure:2619:   ./build-aux/install-sh found
configure:2637:   ./build-aux/config.guess found
configure:2637:   ./build-aux/config.sub found
configure:2757: checking build system type
configure:2772: result: x86_64-pc-linux-gnu
configure:2792: checking host system type
configure:2806: result: x86_64-pc-linux-gnu
configure:2846: checking for a BSD-compatible install
configure:2919: result: /usr/bin/install -c
configure:2930: checking whether build environment is sane
configure:2985: result: yes
configure:3144: checking for a race-free mkdir -p
configure:3188: result: /usr/bin/mkdir -p
configure:3195: checking for gawk
configure:3216: found /usr/bin/gawk
configure:3227: result: gawk
configure:3238: checking whether make sets $(MAKE)
configure:3261: result: yes
configure:3291: checking whether make supports nested variables
configure:3309: result: yes
configure:3492: checking how to print strings
configure:3519: result: printf
configure:3553: checking whether make supports the include directive
configure:3568: make -f confmf.GNU && cat confinc.out
make[3]: Entering directory '/home/yunhao/osdi/themis-src-anon/Aequitas-hotstuff/libhotstuff/secp256k1'
make[3]: Leaving directory '/home/yunhao/osdi/themis-src-anon/Aequitas-hotstuff/libhotstuff/secp256k1'
this is the am__doit target
configure:3571: $? = 0
configure:3590: result: yes (GNU style)
configure:3666: checking for gcc
configure:3687: found /usr/bin/gcc
configure:3698: result: gcc
configure:4051: checking for C compiler version
configure:4060: gcc --version >&5
gcc (Ubuntu 11.4.0-1ubuntu1~22.04) 11.4.0
Copyright (C) 2021 Free Software Foundation, Inc.
This is free software; see the source for copying conditions.  There is NO
warranty; not even for MERCHANTABILITY or FITNESS FOR A PARTICULAR PURPOSE.

configure:4071: $? = 0
configure:4060: gcc -v >&5
Using built-in specs.
COLLECT_GCC=gcc
COLLECT_LTO_WRAPPER=/usr/lib/gcc/x86_64-linux-gnu/11/lto-wrapper
OFFLOAD_TARGET_NAMES=nvptx-none:amdgcn-amdhsa
OFFLOAD_TARGET_DEFAULT=1
Target: x86_64-linux-gnu
Configured with: ../src/configure -v --with-pkgversion='Ubuntu 11.4.0-1ubuntu1~22.04' --with-bugurl=file:///usr/share/doc/gcc-11/README.Bugs --enable-languages=c,ada,c++,go,brig,d,fortran,objc,obj-c++,m2 --prefix=/usr --with-gcc-major-version-only --program-suffix=-11 --program-prefix=x86_64-linux-gnu- --enable-shared --enable-linker-build-id --libexecdir=/usr/lib --without-included-gettext --enable-threads=posix --libdir=/usr/lib --enable-nls --enable-bootstrap --enable-clocale=gnu --enable-libstdcxx-debug --enable-libstdcxx-time=yes --with-default-libstdcxx-abi=new --enable-gnu-unique-object --disable-vtable-verify --enable-plugin --enable-default-pie --with-system-zlib --enable-libphobos-checking=release --with-target-system-zlib=auto --enable-objc-gc=auto --enable-multiarch --disable-werror --enable-cet --with-arch-32=i686 --with-abi=m64 --with-multilib-list=m32,m64,mx32 --enable-multilib --with-tune=generic --enable-offload-targets=nvptx-none=/build/gcc-11-XeT9lY/gcc-11-11.4.0/debian/tmp-nvptx/usr,amdgcn-amdhsa=/build/gcc-11-XeT9lY/gcc-11-11.4.0/debian/tmp-gcn/usr --without-cuda-driver --enable-checking=release --build=x86_64-linux-gnu --host=x86_64-linux-gnu --target=x86_64-linux-gnu --with-build-config=bootstrap-lto-lean --enable-link-serialization=2
Thread model: posix
Supported LTO compression algorithms: zlib zstd
gcc version 11.4.0 (Ubuntu 11.4.0-1ubuntu1~22.04) 
... rest of stderr output deleted ...
configure:4071: $? = 0
configure:4060: gcc -V >&5
gcc: error: unrecognized command-line option '-V'
gcc: fatal error: no input files
compilation terminated.
configure:4071: $? = 1
configure:4060: gcc -qversion >&5
gcc: error: unrecognized command-line option '-qversion'; did you mean '--version'?
gcc: fatal error: no input files
compilation terminated.
configure:4071: $? = 1
configure:4060: gcc -version >&5
gcc: error: unrecognized command-line option '-version'
gcc: fatal error: no input files
compilation terminated.
configure:4071: $? = 1
configure:4091: checking whether the C compiler works
configure:4113: gcc    conftest.c  >&5
configure:4117: $? = 0
configure:4167: result: yes
configure:4170: checking for C compiler default output file name
configure:4172: result: a.out
configure:4178: checking for suffix of executables
configure:4185: gcc -o conftest    conftest.c  >&5
configure:4189: $? = 0
configure:4212: result: 
configure:4234: checking whether we are cross compiling
configure:4242: gcc -o conftest    conftest.c  >&5
configure:4246: $? = 0
configure:4253: ./conftest
configure:4257: $? = 0
configure:4272: result: no
configure:4277: checking for suffix of object files
configure:4300: gcc -c   conftest.c >&5
configure:4304: $? = 0
configure:4326: result: o
configure:4330: checking whether the compiler supports GNU C
configure:4350: gcc -c   conftest.c >&5
configure:4350: $? = 0
configure:4360: result: yes
configure:4371: checking whether gcc accepts -g
configure:4392: gcc -c -g  conftest.c >&5
configure:4392: $? = 0
configure:4436: result: yes
configure:4456: checking for gcc option to enable C11 features
configure:4471: gcc  -c -g -O2  conftest.c >&5
configure:4471: $? = 0
configure:4489: result: none needed
configure:4605: checking whether gcc understands -c and -o together
configure:4628: gcc -c conftest.c -o conftest2.o
configure:4631: $? = 0
configure:4628: gcc -c conftest.c -o conftest2.o
configure:4631: $? = 0
configure:4643: result: yes
configure:4662: checking dependency style of gcc
configure:4774: result: gcc3
configure:4789: checking for a sed that does not truncate output
configure:4859: result: /usr/bin/sed
configure:4877: checking for grep that handles long lines and -e
configure:4941: result: /usr/bin/grep
configure:4946: checking for egrep
configure:5014: result: /usr/bin/grep -E
configure:5019: checking for fgrep
configure:5087: result: /usr/bin/grep -F
configure:5123: checking for ld used by gcc
configure:5191: result: /usr/bin/ld
configure:5198: checking if the linker (/usr/bin/ld) is GNU ld
configure:5214: result: yes
configure:5226: checking for BSD- or MS-compatible name lister (nm)
configure:5281: result: /usr/bin/nm -B
configure:5421: checking the name lister (/usr/bin/nm -B) interface
configure:5429: gcc -c -g -O2  conftest.c >&5
configure:5432: /usr/bin/nm -B "conftest.o"
configure:5435: output
0000000000000000 B some_variable
configure:5442: result: BSD nm
configure:5445: checking whether ln -s works
configure:5449: result: yes
configure:5457: checking the maximum length of command line arguments
configure:5589: result: 1572864
configure:5637: checking how to convert x86_64-pc-linux-gnu file names to x86_64-pc-linux-gnu format
configure:5678: result: func_convert_file_noop
configure:5685: checking how to convert x86_64-pc-linux-gnu file names to toolchain format
configure:5706: result: func_convert_file_noop
configure:5713: checking for /usr/bin/ld option to reload object files
configure:5721: result: -r
configure:5800: checking for objdump
configure:5821: found /usr/bin/objdump
configure:5832: result: objdump
configure:5864: checking how to recognize dependent libraries
configure:6065: result: pass_all
configure:6155: checking for dlltool
configure:6190: result: no
configure:6220: checking how to associate runtime and link libraries
configure:6248: result: printf %s\n
configure:6314: checking for ar
configure:6335: found /usr/bin/ar
configure:6346: result: ar
configure:6383: checking for archiver @FILE support
configure:6401: gcc -c -g -O2  conftest.c >&5
configure:6401: $? = 0
configure:6405: ar cr libconftest.a @conftest.lst >&5
configure:6408: $? = 0
configure:6413: ar cr libconftest.a @conftest.lst >&5
ar: conftest.o: No such file or directory
configure:6416: $? = 1
configure:6428: result: @
configure:6491: checking for strip
configure:6512: found /usr/bin/strip
configure:6523: result: strip
configure:6600: checking for ranlib
configure:6621: found /usr/bin/ranlib
configure:6632: result: ranlib
configure:6734: checking command to parse /usr/bin/nm -B output from gcc object
configure:6888: gcc -c -g -O2  conftest.c >&5
configure:6891: $? = 0
configure:6895: /usr/bin/nm -B conftest.o | sed -n -e 's/^.*[	 ]\([ABCDGIRSTW][ABCDGIRSTW]*\)[	 ][	 ]*\([_A-Za-z][_A-Za-z0-9]*\)$/\1 \2 \2/p' | sed '/ __gnu_lto/d' > conftest.nm
configure:6961: gcc -o conftest -g -O2   conftest.c conftstm.o >&5
configure:6964: $? = 0
configure:7002: result: ok
configure:7049: checking for sysroot
configure:7080: result: no
configure:7087: checking for a working dd
configure:7131: result: /usr/bin/dd
configure:7135: checking how to truncate binary pipes
configure:7151: result: /usr/bin/dd bs=4096 count=1
configure:7288: gcc -c -g -O2  conftest.c >&5
configure:7291: $? = 0
configure:7488: checking for mt
configure:7509: found /usr/bin/mt
configure:7520: result: mt
configure:7543: checking if mt is a manifest tool
configure:7550: mt '-?'
configure:7558: result: no
configure:8288: checking for stdio.h
configure:8288: gcc -c -g -O2  conftest.c >&5
configure:8288: $? = 0
configure:8288: result: yes
configure:8288: checking for stdlib.h
configure:8288: gcc -c -g -O2  conftest.c >&5
configure:8288: $? = 0
configure:8288: result: yes
configure:8288: checking for string.h
configure:8288: gcc -c -g -O2  conftest.c >&5
configure:8288: $? = 0
configure:8288: result: yes
configure:8288: checking for inttypes.h
configure:8288: gcc -c -g -O2  conftest.c >&5
configure:8288: $? = 0
configure:8288: result: yes
configure:8288: checking for stdint.h
configure:8288: gcc -c -g -O2  conftest.c >&5
configure:8288: $? = 0
configure:8288: result: yes
configure:8288: checking for strings.h
configure:8288: gcc -c -g -O2  conftest.c >&5
configure:8288: $? = 0
configure:8288: result: yes
configure:8288: checking for sys/stat.h
configure:8288: gcc -c -g -O2  conftest.c >&5
configure:8288: $? = 0
configure:8288: result: yes
configure:8288: checking for sys/types.h
configure:8288: gcc -c -g -O2  conftest.c >&5
configure:8288: $? = 0
configure:8288: result: yes
configure:8288: checking for unistd.h
configure:8288: gcc -c -g -O2  conftest.c >&5
configure:8288: $? = 0
configure:8288: result: yes
configure:8313: checking for dlfcn.h
configure:8313: gcc -c -g -O2  conftest.c >&5
configure:8313: $? = 0
configure:8313: result: yes
configure:8572: checking for objdir
configure:8588: result: .libs
configure:8852: checking if gcc supports -fno-rtti -fno-exceptions
configure:8871: gcc -c -g -O2  -fno-rtti -fno-exceptions conftest.c >&5
cc1: warning: command-line option '-fno-rtti' is valid for C++/D/ObjC++ but not for C
configure:8875: $? = 0
configure:8888: result: no
configure:9252: checking for gcc option to produce PIC
configure:9260: result: -fPIC -DPIC
configure:9268: checking if gcc PIC flag -fPIC -DPIC works
configure:9287: gcc -c -g -O2  -fPIC -DPIC -DPIC conftest.c >&5
configure:9291: $? = 0
configure:9304: result: yes
configure:9333: checking if gcc static flag -static works
configure:9362: result: yes
configure:9377: checking if gcc supports -c -o file.o
configure:9399: gcc -c -g -O2  -o out/conftest2.o conftest.c >&5
configure:9403: $? = 0
configure:9425: result: yes
configure:9433: checking if gcc supports -c -o file.o
configure:9481: result: yes
configure:9514: checking whether the gcc linker (/usr/bin/ld -m elf_x86_64) supports shared libraries
configure:10784: result: yes
configure:11025: checking dynamic linker characteristics
configure:11607: gcc -o conftest -g -O2   -Wl,-rpath -Wl,/foo conftest.c  >&5
configure:11607: $? = 0
configure:11858: result: GNU/Linux ld.so
configure:11980: checking how to hardcode library paths into programs
configure:12005: result: immediate
configure:12557: checking whether stripping libraries is possible
configure:12562: result: yes
configure:12597: checking if libtool supports shared libraries
configure:12599: result: yes
configure:12602: checking whether to build shared libraries
configure:12627: result: no
configure:12630: checking whether to build static libraries
configure:12634: result: yes
configure:12684: checking whether make supports nested variables
configure:12702: result: yes
configure:12773: checking for pkg-config
configure:12796: found /usr/bin/pkg-config
configure:12808: result: /usr/bin/pkg-config
configure:12833: checking pkg-config is at least version 0.9.0
configure:12836: result: yes
configure:12896: checking for ar
configure:12919: found /usr/bin/ar
configure:12931: result: /usr/bin/ar
configure:13004: checking for ranlib
configure:13027: found /usr/bin/ranlib
configure:13039: result: /usr/bin/ranlib
configure:13112: checking for strip
configure:13135: found /usr/bin/strip
configure:13147: result: /usr/bin/strip
configure:13174: checking how to run the C preprocessor
configure:13200: gcc -E  conftest.c
configure:13200: $? = 0
configure:13215: gcc -E  conftest.c
conftest.c:23:10: fatal error: ac_nonexistent.h: No such file or directory
   23 | #include <ac_nonexistent.h>
      |          ^~~~~~~~~~~~~~~~~~
compilation terminated.
configure:13215: $? = 1
configure: failed program was:
| /* confdefs.h */
| #define PACKAGE_NAME "libsecp256k1"
| #define PACKAGE_TARNAME "libsecp256k1"
| #define PACKAGE_VERSION "0.1"
| #define PACKAGE_STRING "libsecp256k1 0.1"
| #define PACKAGE_BUGREPORT ""
| #define PACKAGE_URL ""
| #define PACKAGE "libsecp256k1"
| #define VERSION "0.1"
| #define HAVE_STDIO_H 1
| #define HAVE_STDLIB_H 1
| #define HAVE_STRING_H 1
| #define HAVE_INTTYPES_H 1
| #define HAVE_STDINT_H 1
| #define HAVE_STRINGS_H 1
| #define HAVE_SYS_STAT_H 1
| #define HAVE_SYS_TYPES_H 1
| #define HAVE_UNISTD_H 1
| #define STDC_HEADERS 1
| #define HAVE_DLFCN_H 1
| #define LT_OBJDIR ".libs/"
| /* end confdefs.h.  */
| #include <ac_nonexistent.h>
configure:13242: result: gcc -E
configure:13256: gcc -E  conftest.c
configure:13256: $? = 0
configure:13271: gcc -E  conftest.c
conftest.c:23:10: fatal error: ac_nonexistent.h: No such file or directory
   23 | #include <ac_nonexistent.h>
      |          ^~~~~~~~~~~~~~~~~~
compilation terminated.
configure:13271: $? = 1
configure: failed program was:
| /* confdefs.h */
| #define PACKAGE_NAME "libsecp256k1"
| #define PACKAGE_TARNAME "libsecp256k1"
| #define PACKAGE_VERSION "0.1"
| #define PACKAGE_STRING "libsecp256k1 0.1"
| #define PACKAGE_BUGREPORT ""
| #define PACKAGE_URL ""
| #define PACKAGE "libsecp256k1"
| #define VERSION "0.1"
| #define HAVE_STDIO_H 1
| #define HAVE_STDLIB_H 1
| #define HAVE_STRING_H 1
| #define HAVE_INTTYPES_H 1
| #define HAVE_STDINT_H 1
| #define HAVE_STRINGS_H 1
| #define HAVE_SYS_STAT_H 1
| #define HAVE_SYS_TYPES_H 1
| #define HAVE_UNISTD_H 1
| #define STDC_HEADERS 1
| #define HAVE_DLFCN_H 1
| #define LT_OBJDIR ".libs/"
| /* end confdefs.h.  */
| #include <ac_nonexistent.h>
configure:13362: checking for gcc
configure:13383: found /usr/bin/gcc
configure:13394: result: gcc
configure:13747: checking for C compiler version
configure:13756: gcc --version >&5
gcc (Ubuntu 11.4.0-1ubuntu1~22.04) 11.4.0
Copyright (C) 2021 Free Software Foundation, Inc.
This is free software; see the source for copying conditions.  There is NO
warranty; not even for MERCHANTABILITY or FITNESS FOR A PARTICULAR PURPOSE.

configure:13767: $? = 0
configure:13756: gcc -v >&5
Using built-in specs.
COLLECT_GCC=gcc
COLLECT_LTO_WRAPPER=/usr/lib/gcc/x86_64-linux-gnu/11/lto-wrapper
OFFLOAD_TARGET_NAMES=nvptx-none:amdgcn-amdhsa
OFFLOAD_TARGET_DEFAULT=1
Target: x86_64-linux-gnu
Configured with: ../src/configure -v --with-pkgversion='Ubuntu 11.4.0-1ubuntu1~22.04' --with-bugurl=file:///usr/share/doc/gcc-11/README.Bugs --enable-languages=c,ada,c++,go,brig,d,fortran,objc,obj-c++,m2 --prefix=/usr --with-gcc-major-version-only --program-suffix=-11 --program-prefix=x86_64-linux-gnu- --enable-shared --enable-linker-build-id --libexecdir=/usr/lib --without-included-gettext --enable-threads=posix --libdir=/usr/lib --enable-nls --enable-bootstrap --enable-clocale=gnu --enable-libstdcxx-debug --enable-libstdcxx-time=yes --with-default-libstdcxx-abi=new --enable-gnu-unique-object --disable-vtable-verify --enable-plugin --enable-default-pie --with-system-zlib --enable-libphobos-checking=release --with-target-system-zlib=auto --enable-objc-gc=auto --enable-multiarch --disable-werror --enable-cet --with-arch-32=i686 --with-abi=m64 --with-multilib-list=m32,m64,mx32 --enable-multilib --with-tune=generic --enable-offload-targets=nvptx-none=/build/gcc-11-XeT9lY/gcc-11-11.4.0/debian/tmp-nvptx/usr,amdgcn-amdhsa=/build/gcc-11-XeT9lY/gcc-11-11.4.0/debian/tmp-gcn/usr --without-cuda-driver --enable-checking=release --build=x86_64-linux-gnu --host=x86_64-linux-gnu --target=x86_64-linux-gnu --with-build-config=bootstrap-lto-lean --enable-link-serialization=2
Thread model: posix
Supported LTO compression algorithms: zlib zstd
gcc version 11.4.0 (Ubuntu 11.4.0-1ubuntu1~22.04) 
... rest of stderr output deleted ...
configure:13767: $? = 0
configure:13756: gcc -V >&5
gcc: error: unrecognized command-line option '-V'
gcc: fatal error: no input files
compilation terminated.
configure:13767: $? = 1
configure:13756: gcc -qversion >&5
gcc: error: unrecognized command-line option '-qversion'; did you mean '--version'?
gcc: fatal error: no input files
compilation terminated.
configure:13767: $? = 1
configure:13756: gcc -version >&5
gcc: error: unrecognized command-line option '-version'
gcc: fatal error: no input files
compilation terminated.
configure:13767: $? = 1
configure:13771: checking whether the compiler supports GNU C
configure:13801: result: yes
configure:13812: checking whether gcc accepts -g
configure:13833: gcc -c -g -O2  conftest.c >&5
configure:13833: $? = 0
configure:13877: result: yes
configure:13897: checking for gcc option to enable C11 features
configure:13930: result: none needed
configure:14046: checking whether gcc understands -c and -o together
configure:14084: result: yes
configure:14103: checking dependency style of gcc
configure:14215: result: gcc3
configure:14235: checking how to run the C preprocessor
configure:14261: gcc -E  conftest.c
configure:14261: $? = 0
configure:14276: gcc -E  conftest.c
conftest.c:23:10: fatal error: ac_nonexistent.h: No such file or directory
   23 | #include <ac_nonexistent.h>
      |          ^~~~~~~~~~~~~~~~~~
compilation terminated.
configure:14276: $? = 1
configure: failed program was:
| /* confdefs.h */
| #define PACKAGE_NAME "libsecp256k1"
| #define PACKAGE_TARNAME "libsecp256k1"
| #define PACKAGE_VERSION "0.1"
| #define PACKAGE_STRING "libsecp256k1 0.1"
| #define PACKAGE_BUGREPORT ""
| #define PACKAGE_URL ""
| #define PACKAGE "libsecp256k1"
| #define VERSION "0.1"
| #define HAVE_STDIO_H 1
| #define HAVE_STDLIB_H 1
| #define HAVE_STRING_H 1
| #define HAVE_INTTYPES_H 1
| #define HAVE_STDINT_H 1
| #define HAVE_STRINGS_H 1
| #define HAVE_SYS_STAT_H 1
| #define HAVE_SYS_TYPES_H 1
| #define HAVE_UNISTD_H 1
| #define STDC_HEADERS 1
| #define HAVE_DLFCN_H 1
| #define LT_OBJDIR ".libs/"
| /* end confdefs.h.  */
| #include <ac_nonexistent.h>
configure:14303: result: gcc -E
configure:14317: gcc -E  conftest.c
configure:14317: $? = 0
configure:14332: gcc -E  conftest.c
conftest.c:23:10: fatal error: ac_nonexistent.h: No such file or directory
   23 | #include <ac_nonexistent.h>
      |          ^~~~~~~~~~~~~~~~~~
compilation terminated.
configure:14332: $? = 1
configure: failed program was:
| /* confdefs.h */
| #define PACKAGE_NAME "libsecp256k1"
| #define PACKAGE_TARNAME "libsecp256k1"
| #define PACKAGE_VERSION "0.1"
| #define PACKAGE_STRING "libsecp256k1 0.1"
| #define PACKAGE_BUGREPORT ""
| #define PACKAGE_URL ""
| #define PACKAGE "libsecp256k1"
| #define VERSION "0.1"
| #define HAVE_STDIO_H 1
| #define HAVE_STDLIB_H 1
| #define HAVE_STRING_H 1
| #define HAVE_INTTYPES_H 1
| #define HAVE_STDINT_H 1
| #define HAVE_STRINGS_H 1
| #define HAVE_SYS_STAT_H 1
| #define HAVE_SYS_TYPES_H 1
| #define HAVE_UNISTD_H 1
| #define STDC_HEADERS 1
| #define HAVE_DLFCN_H 1
| #define LT_OBJDIR ".libs/"
| /* end confdefs.h.  */
| #include <ac_nonexistent.h>
configure:14391: checking dependency style of gcc
configure:14501: result: gcc3
configure:14637: checking if gcc supports -std=c89 -pedantic -Wall -Wextra -Wcast-align -Wnested-externs -Wshadow -Wstrict-prototypes -Wno-unused-function -Wno-long-long -Wno-overlength-strings
configure:14643: gcc -c -g -O2 -W -std=c89 -pedantic -Wall -Wextra -Wcast-align -Wnested-externs -Wshadow -Wstrict-prototypes -Wno-unused-function -Wno-long-long -Wno-overlength-strings  conftest.c >&5
configure:14643: $? = 0
configure:14645: result: yes
configure:14657: checking if gcc supports -fvisibility=hidden
configure:14663: gcc -c -g -O2 -W -std=c89 -pedantic -Wall -Wextra -Wcast-align -Wnested-externs -Wshadow -Wstrict-prototypes -Wno-unused-function -Wno-long-long -Wno-overlength-strings -fvisibility=hidden  conftest.c >&5
configure:14663: $? = 0
configure:14665: result: yes
configure:14814: checking for __int128
configure:14814: gcc -c -g -O2 -W -std=c89 -pedantic -Wall -Wextra -Wcast-align -Wnested-externs -Wshadow -Wstrict-prototypes -Wno-unused-function -Wno-long-long -Wno-overlength-strings -fvisibility=hidden  conftest.c >&5
conftest.c: In function 'main':
conftest.c:54:13: warning: ISO C does not support '__int128' types [-Wpedantic]
   54 | if (sizeof (__int128))
      |             ^~~~~~~~
configure:14814: $? = 0
configure:14814: gcc -c -g -O2 -W -std=c89 -pedantic -Wall -Wextra -Wcast-align -Wnested-externs -Wshadow -Wstrict-prototypes -Wno-unused-function -Wno-long-long -Wno-overlength-strings -fvisibility=hidden  conftest.c >&5
conftest.c: In function 'main':
conftest.c:54:14: warning: ISO C does not support '__int128' types [-Wpedantic]
   54 | if (sizeof ((__int128)))
      |              ^~~~~~~~
conftest.c:54:23: error: expected expression before ')' token
   54 | if (sizeof ((__int128)))
      |                       ^
configure:14814: $? = 1
configure: failed program was:
| /* confdefs.h */
| #define PACKAGE_NAME "libsecp256k1"
| #define PACKAGE_TARNAME "libsecp256k1"
| #define PACKAGE_VERSION "0.1"
| #define PACKAGE_STRING "libsecp256k1 0.1"
| #define PACKAGE_BUGREPORT ""
| #define PACKAGE_URL ""
| #define PACKAGE "libsecp256k1"
| #define VERSION "0.1"
| #define HAVE_STDIO_H 1
| #define HAVE_STDLIB_H 1
| #define HAVE_STRING_H 1
| #define HAVE_INTTYPES_H 1
| #define HAVE_STDINT_H 1
| #define HAVE_STRINGS_H 1
| #define HAVE_SYS_STAT_H 1
| #define HAVE_SYS_TYPES_H 1
| #define HAVE_UNISTD_H 1
| #define STDC_HEADERS 1
| #define HAVE_DLFCN_H 1
| #define LT_OBJDIR ".libs/"
| /* end confdefs.h.  */
| #include <stddef.h>
| #ifdef HAVE_STDIO_H
| # include <stdio.h>
| #endif
| #ifdef HAVE_STDLIB_H
| # include <stdlib.h>
| #endif
| #ifdef HAVE_STRING_H
| # include <string.h>
| #endif
| #ifdef HAVE_INTTYPES_H
| # include <inttypes.h>
| #endif
| #ifdef HAVE_STDINT_H
| # include <stdint.h>
| #endif
| #ifdef HAVE_STRINGS_H
| # include <strings.h>
| #endif
| #ifdef HAVE_SYS_TYPES_H
| # include <sys/types.h>
| #endif
| #ifdef HAVE_SYS_STAT_H
| # include <sys/stat.h>
| #endif
| #ifdef HAVE_UNISTD_H
| # include <unistd.h>
| #endif
| int
| main (void)
| {
| if (sizeof ((__int128)))
| 	    return 0;
|   ;
|   return 0;
| }
configure:14814: result: yes
configure:14824: checking for __builtin_expect
configure:14830: gcc -c -g -O2 -W -std=c89 -pedantic -Wall -Wextra -Wcast-align -Wnested-externs -Wshadow -Wstrict-prototypes -Wno-unused-function -Wno-long-long -Wno-overlength-strings -fvisibility=hidden  conftest.c >&5
conftest.c:24:6: warning: function declaration isn't a prototype [-Wstrict-prototypes]
   24 | void myfunc() {__builtin_expect(0,0);}
      |      ^~~~~~
conftest.c: In function 'myfunc':
conftest.c:24:16: warning: statement with no effect [-Wunused-value]
   24 | void myfunc() {__builtin_expect(0,0);}
      |                ^~~~~~~~~~~~~~~~
configure:14830: $? = 0
configure:14832: result: yes
configure:14858: checking native compiler: gcc
configure:14874: gcc -o conftest -g -O2 -W -std=c89 -pedantic -Wall -Wextra -Wcast-align -Wnested-externs -Wshadow -Wstrict-prototypes -Wno-unused-function -Wno-long-long -Wno-overlength-strings -fvisibility=hidden -O3   conftest.c  >&5
configure:14874: $? = 0
configure:14874: ./conftest
configure:14874: $? = 0
configure:14896: result: ok
configure:14906: checking for x86_64 assembly availability
configure:14923: gcc -c -g -O2 -W -std=c89 -pedantic -Wall -Wextra -Wcast-align -Wnested-externs -Wshadow -Wstrict-prototypes -Wno-unused-function -Wno-long-long -Wno-overlength-strings -fvisibility=hidden -O3  conftest.c >&5
conftest.c: In function 'main':
conftest.c:32:3: warning: 'tmp' is used uninitialized [-Wuninitialized]
   32 |   __asm__ __volatile__("movq $0x100000000,%1; mulq %%rsi" : "+a"(a) : "S"(tmp) : "cc", "%rdx");
      |   ^~~~~~~
configure:14923: $? = 0
configure:14930: result: yes
configure:15279: checking for libcrypto
configure:15286: $PKG_CONFIG --exists --print-errors "libcrypto"
configure:15289: $? = 0
configure:15303: $PKG_CONFIG --exists --print-errors "libcrypto"
configure:15306: $? = 0
configure:15344: result: yes
configure:15351: checking for main in -lcrypto
configure:15371: gcc -o conftest -g -O2 -W -std=c89 -pedantic -Wall -Wextra -Wcast-align -Wnested-externs -Wshadow -Wstrict-prototypes -Wno-unused-function -Wno-long-long -Wno-overlength-strings -fvisibility=hidden -O3   conftest.c -lcrypto   -lcrypto >&5
configure:15371: $? = 0
configure:15381: result: yes
configure:15449: checking for EC functions in libcrypto
configure:15473: gcc -c -g -O2 -W -std=c89 -pedantic -Wall -Wextra -Wcast-align -Wnested-externs -Wshadow -Wstrict-prototypes -Wno-unused-function -Wno-long-long -Wno-overlength-strings -fvisibility=hidden -O3  conftest.c >&5
conftest.c: In function 'main':
conftest.c:40:5: warning: 'EC_KEY_new_by_curve_name' is deprecated: Since OpenSSL 3.0 [-Wdeprecated-declarations]
   40 |     EC_KEY *eckey = EC_KEY_new_by_curve_name(NID_secp256k1);
      |     ^~~~~~
In file included from conftest.c:33:
/usr/include/openssl/ec.h:998:31: note: declared here
  998 | OSSL_DEPRECATEDIN_3_0 EC_KEY *EC_KEY_new_by_curve_name(int nid);
      |                               ^~~~~~~~~~~~~~~~~~~~~~~~
conftest.c:41:5: warning: 'ECDSA_sign' is deprecated: Since OpenSSL 3.0 [-Wdeprecated-declarations]
   41 |     ECDSA_sign(0, NULL, 0, NULL, NULL, eckey);
      |     ^~~~~~~~~~
In file included from conftest.c:33:
/usr/include/openssl/ec.h:1414:27: note: declared here
 1414 | OSSL_DEPRECATEDIN_3_0 int ECDSA_sign(int type, const unsigned char *dgst,
      |                           ^~~~~~~~~~
conftest.c:42:5: warning: 'ECDSA_verify' is deprecated: Since OpenSSL 3.0 [-Wdeprecated-declarations]
   42 |     ECDSA_verify(0, NULL, 0, NULL, 0, eckey);
      |     ^~~~~~~~~~~~
In file included from conftest.c:33:
/usr/include/openssl/ec.h:1447:27: note: declared here
 1447 | OSSL_DEPRECATEDIN_3_0 int ECDSA_verify(int type, const unsigned char *dgst,
      |                           ^~~~~~~~~~~~
conftest.c:43:5: warning: 'EC_KEY_free' is deprecated: Since OpenSSL 3.0 [-Wdeprecated-declarations]
   43 |     EC_KEY_free(eckey);
      |     ^~~~~~~~~~~
In file included from conftest.c:33:
/usr/include/openssl/ec.h:1003:28: note: declared here
 1003 | OSSL_DEPRECATEDIN_3_0 void EC_KEY_free(EC_KEY *key);
      |                            ^~~~~~~~~~~
conftest.c:44:5: warning: ISO C90 forbids mixed declarations and code [-Wdeclaration-after-statement]
   44 |     ECDSA_SIG *sig_openssl;
      |     ^~~~~~~~~
configure:15473: $? = 0
configure:15480: result: yes
configure:15707: checking whether byte ordering is bigendian
configure:15723: gcc -c -g -O2 -W -std=c89 -pedantic -Wall -Wextra -Wcast-align -Wnested-externs -Wshadow -Wstrict-prototypes -Wno-unused-function -Wno-long-long -Wno-overlength-strings -fvisibility=hidden -O3  conftest.c >&5
conftest.c:36:16: error: unknown type name 'not'
   36 |                not a universal capable compiler
      |                ^~~
conftest.c:36:22: error: expected '=', ',', ';', 'asm' or '__attribute__' before 'universal'
   36 |                not a universal capable compiler
      |                      ^~~~~~~~~
conftest.c:36:22: error: unknown type name 'universal'
configure:15723: $? = 1
configure: failed program was:
| /* confdefs.h */
| #define PACKAGE_NAME "libsecp256k1"
| #define PACKAGE_TARNAME "libsecp256k1"
| #define PACKAGE_VERSION "0.1"
| #define PACKAGE_STRING "libsecp256k1 0.1"
| #define PACKAGE_BUGREPORT ""
| #define PACKAGE_URL ""
| #define PACKAGE "libsecp256k1"
| #define VERSION "0.1"
| #define HAVE_STDIO_H 1
| #define HAVE_STDLIB_H 1
| #define HAVE_STRING_H 1
| #define HAVE_INTTYPES_H 1
| #define HAVE_STDINT_H 1
| #define HAVE_STRINGS_H 1
| #define HAVE_SYS_STAT_H 1
| #define HAVE_SYS_TYPES_H 1
| #define HAVE_UNISTD_H 1
| #define STDC_HEADERS 1
| #define HAVE_DLFCN_H 1
| #define LT_OBJDIR ".libs/"
| #define HAVE___INT128 1
| #define HAVE_BUILTIN_EXPECT 1
| #define USE_ASM_X86_64 1
| #define USE_FIELD_5X52 1
| #define USE_NUM_NONE 1
| #define USE_FIELD_INV_BUILTIN 1
| #define USE_SCALAR_INV_BUILTIN 1
| #define USE_SCALAR_4X64 1
| #define HAVE_LIBCRYPTO 1
| #define ENABLE_OPENSSL_TESTS 1
| #define USE_ECMULT_STATIC_PRECOMPUTATION 1
| #define ENABLE_MODULE_RECOVERY 1
| /* end confdefs.h.  */
| #ifndef __APPLE_CC__
| 	       not a universal capable compiler
| 	     #endif
| 	     typedef int dummy;
| 
configure:15769: gcc -c -g -O2 -W -std=c89 -pedantic -Wall -Wextra -Wcast-align -Wnested-externs -Wshadow -Wstrict-prototypes -Wno-unused-function -Wno-long-long -Wno-overlength-strings -fvisibility=hidden -O3  conftest.c >&5
conftest.c: In function 'main':
conftest.c:42:15: error: unknown type name 'bogus'
   42 |               bogus endian macros
      |               ^~~~~
conftest.c:42:28: error: expected '=', ',', ';', 'asm' or '__attribute__' before 'macros'
   42 |               bogus endian macros
      |                            ^~~~~~
configure:15769: $? = 1
configure: failed program was:
| /* confdefs.h */
| #define PACKAGE_NAME "libsecp256k1"
| #define PACKAGE_TARNAME "libsecp256k1"
| #define PACKAGE_VERSION "0.1"
| #define PACKAGE_STRING "libsecp256k1 0.1"
| #define PACKAGE_BUGREPORT ""
| #define PACKAGE_URL ""
| #define PACKAGE "libsecp256k1"
| #define VERSION "0.1"
| #define HAVE_STDIO_H 1
| #define HAVE_STDLIB_H 1
| #define HAVE_STRING_H 1
| #define HAVE_INTTYPES_H 1
| #define HAVE_STDINT_H 1
| #define HAVE_STRINGS_H 1
| #define HAVE_SYS_STAT_H 1
| #define HAVE_SYS_TYPES_H 1
| #define HAVE_UNISTD_H 1
| #define STDC_HEADERS 1
| #define HAVE_DLFCN_H 1
| #define LT_OBJDIR ".libs/"
| #define HAVE___INT128 1
| #define HAVE_BUILTIN_EXPECT 1
| #define USE_ASM_X86_64 1
| #define USE_FIELD_5X52 1
| #define USE_NUM_NONE 1
| #define USE_FIELD_INV_BUILTIN 1
| #define USE_SCALAR_INV_BUILTIN 1
| #define USE_SCALAR_4X64 1
| #define HAVE_LIBCRYPTO 1
| #define ENABLE_OPENSSL_TESTS 1
| #define USE_ECMULT_STATIC_PRECOMPUTATION 1
| #define ENABLE_MODULE_RECOVERY 1
| /* end confdefs.h.  */
| #include <sys/types.h>
| 	     #include <sys/param.h>
| 
| int
| main (void)
| {
| #if ! (defined BYTE_ORDER && defined BIG_ENDIAN 		     && defined LITTLE_ENDIAN && BYTE_ORDER && BIG_ENDIAN 		     && LITTLE_ENDIAN)
| 	      bogus endian macros
| 	     #endif
| 
|   ;
|   return 0;
| }
configure:15815: gcc -c -g -O2 -W -std=c89 -pedantic -Wall -Wextra -Wcast-align -Wnested-externs -Wshadow -Wstrict-prototypes -Wno-unused-function -Wno-long-long -Wno-overlength-strings -fvisibility=hidden -O3  conftest.c >&5
conftest.c: In function 'main':
conftest.c:41:15: error: unknown type name 'bogus'
   41 |               bogus endian macros
      |               ^~~~~
conftest.c:41:28: error: expected '=', ',', ';', 'asm' or '__attribute__' before 'macros'
   41 |               bogus endian macros
      |                            ^~~~~~
configure:15815: $? = 1
configure: failed program was:
| /* confdefs.h */
| #define PACKAGE_NAME "libsecp256k1"
| #define PACKAGE_TARNAME "libsecp256k1"
| #define PACKAGE_VERSION "0.1"
| #define PACKAGE_STRING "libsecp256k1 0.1"
| #define PACKAGE_BUGREPORT ""
| #define PACKAGE_URL ""
| #define PACKAGE "libsecp256k1"
| #define VERSION "0.1"
| #define HAVE_STDIO_H 1
| #define HAVE_STDLIB_H 1
| #define HAVE_STRING_H 1
| #define HAVE_INTTYPES_H 1
| #define HAVE_STDINT_H 1
| #define HAVE_STRINGS_H 1
| #define HAVE_SYS_STAT_H 1
| #define HAVE_SYS_TYPES_H 1
| #define HAVE_UNISTD_H 1
| #define STDC_HEADERS 1
| #define HAVE_DLFCN_H 1
| #define LT_OBJDIR ".libs/"
| #define HAVE___INT128 1
| #define HAVE_BUILTIN_EXPECT 1
| #define USE_ASM_X86_64 1
| #define USE_FIELD_5X52 1
| #define USE_NUM_NONE 1
| #define USE_FIELD_INV_BUILTIN 1
| #define USE_SCALAR_INV_BUILTIN 1
| #define USE_SCALAR_4X64 1
| #define HAVE_LIBCRYPTO 1
| #define ENABLE_OPENSSL_TESTS 1
| #define USE_ECMULT_STATIC_PRECOMPUTATION 1
| #define ENABLE_MODULE_RECOVERY 1
| /* end confdefs.h.  */
| #include <limits.h>
| 
| int
| main (void)
| {
| #if ! (defined _LITTLE_ENDIAN || defined _BIG_ENDIAN)
| 	      bogus endian macros
| 	     #endif
| 
|   ;
|   return 0;
| }
configure:15910: gcc -o conftest -g -O2 -W -std=c89 -pedantic -Wall -Wextra -Wcast-align -Wnested-externs -Wshadow -Wstrict-prototypes -Wno-unused-function -Wno-long-long -Wno-overlength-strings -fvisibility=hidden -O3   conftest.c  >&5
configure:15910: $? = 0
configure:15910: ./conftest
configure:15910: $? = 0
configure:15922: result: no
configure:15947: Using static precomputation: yes
configure:15949: Using assembly optimizations: x86_64
configure:15951: Using field implementation: 64bit
configure:15953: Using bignum implementation: no
configure:15955: Using scalar implementation: 64bit
configure:15957: Using endomorphism optimizations: no
configure:15959: Building benchmarks: yes
configure:15961: Building for coverage analysis: no
configure:15963: Building ECDH module: no
configure:15965: Building ECDSA pubkey recovery module: yes
configure:15967: Using jni: no
configure:16185: checking that generated files are newer than configure
configure:16191: result: done
configure:16263: creating ./config.status

## ---------------------- ##
## Running config.status. ##
## ---------------------- ##

This file was extended by libsecp256k1 config.status 0.1, which was
generated by GNU Autoconf 2.71.  Invocation command line was

  CONFIG_FILES    = 
  CONFIG_HEADERS  = 
  CONFIG_LINKS    = 
  CONFIG_COMMANDS = 
  $ ./config.status 

on yunhao-OptiPlex-7050

config.status:1140: creating Makefile
config.status:1140: creating libsecp256k1.pc
config.status:1140: creating src/libsecp256k1-config.h
config.status:1369: executing depfiles commands
config.status:1446: cd .       && sed -e '/# am--include-marker/d' Makefile         | make -f - am--depfiles
make[3]: Entering directory '/home/yunhao/osdi/themis-src-anon/Aequitas-hotstuff/libhotstuff/secp256k1'
make[3]: Nothing to be done for 'am--depfiles'.
make[3]: Leaving directory '/home/yunhao/osdi/themis-src-anon/Aequitas-hotstuff/libhotstuff/secp256k1'
config.status:1451: $? = 0
config.status:1369: executing libtool commands

## ---------------- ##
## Cache variables. ##
## ---------------- ##

ac_cv_build=x86_64-pc-linux-gnu
ac_cv_build_prog_CPP='gcc -E'
ac_cv_build_prog_cc_g=yes
ac_cv_c_bigendian=no
ac_cv_c_compiler_gnu=yes
ac_cv_env_CCASFLAGS_set=
ac_cv_env_CCASFLAGS_value=
ac_cv_env_CCAS_set=
ac_cv_env_CCAS_value=
ac_cv_env_CC_set=
ac_cv_env_CC_value=
ac_cv_env_CFLAGS_set=
ac_cv_env_CFLAGS_value=
ac_cv_env_CPPFLAGS_set=
ac_cv_env_CPPFLAGS_value=
ac_cv_env_CPP_set=
ac_cv_env_CPP_value=
ac_cv_env_CRYPTO_CFLAGS_set=
ac_cv_env_CRYPTO_CFLAGS_value=
ac_cv_env_CRYPTO_LIBS_set=
ac_cv_env_CRYPTO_LIBS_value=
ac_cv_env_LDFLAGS_set=
ac_cv_env_LDFLAGS_value=
ac_cv_env_LIBS_set=
ac_cv_env_LIBS_value=
ac_cv_env_LT_SYS_LIBRARY_PATH_set=
ac_cv_env_LT_SYS_LIBRARY_PATH_value=
ac_cv_env_PKG_CONFIG_LIBDIR_set=
ac_cv_env_PKG_CONFIG_LIBDIR_value=
ac_cv_env_PKG_CONFIG_PATH_set=
ac_cv_env_PKG_CONFIG_PATH_value=
ac_cv_env_PKG_CONFIG_set=
ac_cv_env_PKG_CONFIG_value=
ac_cv_env_build_alias_set=
ac_cv_env_build_alias_value=
ac_cv_env_host_alias_set=
ac_cv_env_host_alias_value=
ac_cv_env_target_alias_set=
ac_cv_env_target_alias_value=
ac_cv_header_dlfcn_h=yes
ac_cv_header_inttypes_h=yes
ac_cv_header_stdint_h=yes
ac_cv_header_stdio_h=yes
ac_cv_header_stdlib_h=yes
ac_cv_header_string_h=yes
ac_cv_header_strings_h=yes
ac_cv_header_sys_stat_h=yes
ac_cv_header_sys_types_h=yes
ac_cv_header_unistd_h=yes
ac_cv_host=x86_64-pc-linux-gnu
ac_cv_lib_crypto_main=yes
ac_cv_objext=o
ac_cv_path_EGREP='/usr/bin/grep -E'
ac_cv_path_FGREP='/usr/bin/grep -F'
ac_cv_path_GREP=/usr/bin/grep
ac_cv_path_SED=/usr/bin/sed
ac_cv_path_ac_pt_AR=/usr/bin/ar
ac_cv_path_ac_pt_PKG_CONFIG=/usr/bin/pkg-config
ac_cv_path_ac_pt_RANLIB=/usr/bin/ranlib
ac_cv_path_ac_pt_STRIP=/usr/bin/strip
ac_cv_path_install='/usr/bin/install -c'
ac_cv_path_lt_DD=/usr/bin/dd
ac_cv_path_mkdir=/usr/bin/mkdir
ac_cv_prog_AWK=gawk
ac_cv_prog_CPP='gcc -E'
ac_cv_prog_ac_ct_AR=ar
ac_cv_prog_ac_ct_CC=gcc
ac_cv_prog_ac_ct_CC_FOR_BUILD=gcc
ac_cv_prog_ac_ct_MANIFEST_TOOL=mt
ac_cv_prog_ac_ct_OBJDUMP=objdump
ac_cv_prog_ac_ct_RANLIB=ranlib
ac_cv_prog_ac_ct_STRIP=strip
ac_cv_prog_cc_c11=
ac_cv_prog_cc_g=yes
ac_cv_prog_cc_stdc=
ac_cv_prog_make_make_set=yes
ac_cv_type___int128=yes
am_cv_CCAS_dependencies_compiler_type=gcc3
am_cv_CC_dependencies_compiler_type=gcc3
am_cv_make_support_nested_variables=yes
am_cv_prog_cc_c_o=yes
lt_cv_ar_at_file=@
lt_cv_deplibs_check_method=pass_all
lt_cv_file_magic_cmd='$MAGIC_CMD'
lt_cv_file_magic_test_file=
lt_cv_ld_reload_flag=-r
lt_cv_nm_interface='BSD nm'
lt_cv_objdir=.libs
lt_cv_path_LD=/usr/bin/ld
lt_cv_path_NM='/usr/bin/nm -B'
lt_cv_path_mainfest_tool=no
lt_cv_prog_compiler_c_o=yes
lt_cv_prog_compiler_pic='-fPIC -DPIC'
lt_cv_prog_compiler_pic_works=yes
lt_cv_prog_compiler_rtti_exceptions=no
lt_cv_prog_compiler_static_works=yes
lt_cv_prog_gnu_ld=yes
lt_cv_sharedlib_from_linklib_cmd='printf %s\n'
lt_cv_shlibpath_overrides_runpath=yes
lt_cv_sys_global_symbol_pipe='sed -n -e '\''s/^.*[	 ]\([ABCDGIRSTW][ABCDGIRSTW]*\)[	 ][	 ]*\([_A-Za-z][_A-Za-z0-9]*\)$/\1 \2 \2/p'\'' | sed '\''/ __gnu_lto/d'\'''
lt_cv_sys_global_symbol_to_c_name_address='sed -n -e '\''s/^: \(.*\) .*$/  {"\1", (void *) 0},/p'\'' -e '\''s/^[ABCDGIRSTW][ABCDGIRSTW]* .* \(.*\)$/  {"\1", (void *) \&\1},/p'\'''
lt_cv_sys_global_symbol_to_c_name_address_lib_prefix='sed -n -e '\''s/^: \(.*\) .*$/  {"\1", (void *) 0},/p'\'' -e '\''s/^[ABCDGIRSTW][ABCDGIRSTW]* .* \(lib.*\)$/  {"\1", (void *) \&\1},/p'\'' -e '\''s/^[ABCDGIRSTW][ABCDGIRSTW]* .* \(.*\)$/  {"lib\1", (void *) \&\1},/p'\'''
lt_cv_sys_global_symbol_to_cdecl='sed -n -e '\''s/^T .* \(.*\)$/extern int \1();/p'\'' -e '\''s/^[ABCDGIRSTW][ABCDGIRSTW]* .* \(.*\)$/extern char \1;/p'\'''
lt_cv_sys_global_symbol_to_import=
lt_cv_sys_max_cmd_len=1572864
lt_cv_to_host_file_cmd=func_convert_file_noop
lt_cv_to_tool_file_cmd=func_convert_file_noop
lt_cv_truncate_bin='/usr/bin/dd bs=4096 count=1'
pkg_cv_CRYPTO_CFLAGS=
pkg_cv_CRYPTO_LIBS=-lcrypto

## ----------------- ##
## Output variables. ##
## ----------------- ##

ACLOCAL='${SHELL} '\''/home/yunhao/osdi/themis-src-anon/Aequitas-hotstuff/libhotstuff/secp256k1/build-aux/missing'\'' aclocal-1.16'
AMDEPBACKSLASH='\'
AMDEP_FALSE='#'
AMDEP_TRUE=''
AMTAR='$${TAR-tar}'
AM_BACKSLASH='\'
AM_DEFAULT_V='$(AM_DEFAULT_VERBOSITY)'
AM_DEFAULT_VERBOSITY='0'
AM_V='$(V)'
AR='/usr/bin/ar'
AUTOCONF='${SHELL} '\''/home/yunhao/osdi/themis-src-anon/Aequitas-hotstuff/libhotstuff/secp256k1/build-aux/missing'\'' autoconf'
AUTOHEADER='${SHELL} '\''/home/yunhao/osdi/themis-src-anon/Aequitas-hotstuff/libhotstuff/secp256k1/build-aux/missing'\'' autoheader'
AUTOMAKE='${SHELL} '\''/home/yunhao/osdi/themis-src-anon/Aequitas-hotstuff/libhotstuff/secp256k1/build-aux/missing'\'' automake-1.16'
AWK='gawk'
BREW=''
BUILD_EXEEXT=''
BUILD_OBJEXT=''
CC='gcc'
CCAS='gcc'
CCASDEPMODE='depmode=gcc3'
CCASFLAGS='-g -O2'
CCDEPMODE='depmode=gcc3'
CC_FOR_BUILD='gcc'
CFLAGS='-g -O2 -W -std=c89 -pedantic -Wall -Wextra -Wcast-align -Wnested-externs -Wshadow -Wstrict-prototypes -Wno-unused-function -Wno-long-long -Wno-overlength-strings -fvisibility=hidden -O3'
CFLAGS_FOR_BUILD='-g -O2'
CPP='gcc -E'
CPPFLAGS=''
CPPFLAGS_FOR_BUILD=''
CPP_FOR_BUILD='gcc -E'
CRYPTO_CFLAGS=''
CRYPTO_LIBS='-lcrypto'
CSCOPE='cscope'
CTAGS='ctags'
CYGPATH_W='echo'
DEFS='-DHAVE_CONFIG_H'
DEPDIR='.deps'
DLLTOOL='false'
DSYMUTIL=''
DUMPBIN=''
ECHO_C=''
ECHO_N='-n'
ECHO_T=''
EGREP='/usr/bin/grep -E'
ENABLE_COVERAGE_FALSE=''
ENABLE_COVERAGE_TRUE='#'
ENABLE_MODULE_ECDH_FALSE=''
ENABLE_MODULE_ECDH_TRUE='#'
ENABLE_MODULE_RECOVERY_FALSE='#'
ENABLE_MODULE_RECOVERY_TRUE=''
ETAGS='etags'
EXEEXT=''
FGREP='/usr/bin/grep -F'
GREP='/usr/bin/grep'
INSTALL_DATA='${INSTALL} -m 644'
INSTALL_PROGRAM='${INSTALL}'
INSTALL_SCRIPT='${INSTALL}'
INSTALL_STRIP_PROGRAM='$(install_sh) -c -s'
JNI_INCLUDES=''
LD='/usr/bin/ld -m elf_x86_64'
LDFLAGS=''
LDFLAGS_FOR_BUILD=''
LIBOBJS=''
LIBS=''
LIBTOOL='$(SHELL) $(top_builddir)/libtool'
LIPO=''
LN_S='ln -s'
LTLIBOBJS=''
LT_SYS_LIBRARY_PATH=''
MAKEINFO='${SHELL} '\''/home/yunhao/osdi/themis-src-anon/Aequitas-hotstuff/libhotstuff/secp256k1/build-aux/missing'\'' makeinfo'
MANIFEST_TOOL=':'
MKDIR_P='/usr/bin/mkdir -p'
NM='/usr/bin/nm -B'
NMEDIT=''
OBJDUMP='objdump'
OBJEXT='o'
OTOOL64=''
OTOOL=''
PACKAGE='libsecp256k1'
PACKAGE_BUGREPORT=''
PACKAGE_NAME='libsecp256k1'
PACKAGE_STRING='libsecp256k1 0.1'
PACKAGE_TARNAME='libsecp256k1'
PACKAGE_URL=''
PACKAGE_VERSION='0.1'
PATH_SEPARATOR=':'
PKG_CONFIG='/usr/bin/pkg-config'
PKG_CONFIG_LIBDIR=''
PKG_CONFIG_PATH=''
PORT=''
RANLIB='/usr/bin/ranlib'
SECP_INCLUDES=''
SECP_LIBS=''
SECP_TEST_INCLUDES=' '
SECP_TEST_LIBS='-lcrypto'
SED='/usr/bin/sed'
SET_MAKE=''
SHELL='/bin/bash'
STRIP='/usr/bin/strip'
USE_ASM_ARM_FALSE=''
USE_ASM_ARM_TRUE='#'
USE_BENCHMARK_FALSE='#'
USE_BENCHMARK_TRUE=''
USE_ECMULT_STATIC_PRECOMPUTATION_FALSE='#'
USE_ECMULT_STATIC_PRECOMPUTATION_TRUE=''
USE_EXHAUSTIVE_TESTS_FALSE='#'
USE_EXHAUSTIVE_TESTS_TRUE=''
USE_EXTERNAL_ASM_FALSE=''
USE_EXTERNAL_ASM_TRUE='#'
USE_JNI_FALSE=''
USE_JNI_TRUE='#'
USE_TESTS_FALSE='#'
USE_TESTS_TRUE=''
VERSION='0.1'
_ACJNI_JAVAC=''
ac_ct_AR='ar'
ac_ct_CC='gcc'
ac_ct_CC_FOR_BUILD='gcc'
ac_ct_DUMPBIN=''
am__EXEEXT_FALSE=''
am__EXEEXT_TRUE='#'
am__fastdepCCAS_FALSE='#'
am__fastdepCCAS_TRUE=''
am__fastdepCC_FALSE='#'
am__fastdepCC_TRUE=''
am__include='include'
am__isrc=''
am__leading_dot='.'
am__nodep='_no'
am__quote=''
am__tar='$${TAR-tar} chof - "$$tardir"'
am__untar='$${TAR-tar} xf -'
bindir='${exec_prefix}/bin'
build='x86_64-pc-linux-gnu'
build_alias=''
build_cpu='x86_64'
build_os='linux-gnu'
build_vendor='pc'
datadir='${datarootdir}'
datarootdir='${prefix}/share'
docdir='${datarootdir}/doc/${PACKAGE_TARNAME}'
dvidir='${docdir}'
exec_prefix='${prefix}'
host='x86_64-pc-linux-gnu'
host_alias=''
host_cpu='x86_64'
host_os='linux-gnu'
host_vendor='pc'
htmldir='${docdir}'
includedir='${prefix}/include'
infodir='${datarootdir}/info'
install_sh='${SHELL} /home/yunhao/osdi/themis-src-anon/Aequitas-hotstuff/libhotstuff/secp256k1/build-aux/install-sh'
libdir='${exec_prefix}/lib'
libexecdir='${exec_prefix}/libexec'
localedir='${datarootdir}/locale'
localstatedir='${prefix}/var'
mandir='${datarootdir}/man'
mkdir_p='$(MKDIR_P)'
oldincludedir='/usr/include'
pdfdir='${docdir}'
prefix='/usr/local'
program_transform_name='s,x,x,'
psdir='${docdir}'
runstatedir='${localstatedir}/run'
sbindir='${exec_prefix}/sbin'
sharedstatedir='${prefix}/com'
sysconfdir='${prefix}/etc'
target_alias=''

## ----------- ##
## confdefs.h. ##
## ----------- ##

/* confdefs.h */
#define PACKAGE_NAME "libsecp256k1"
#define PACKAGE_TARNAME "libsecp256k1"
#define PACKAGE_VERSION "0.1"
#define PACKAGE_STRING "libsecp256k1 0.1"
#define PACKAGE_BUGREPORT ""
#define PACKAGE_URL ""
#define PACKAGE "libsecp256k1"
#define VERSION "0.1"
#define HAVE_STDIO_H 1
#define HAVE_STDLIB_H 1
#define HAVE_STRING_H 1
#define HAVE_INTTYPES_H 1
#define HAVE_STDINT_H 1
#define HAVE_STRINGS_H 1
#define HAVE_SYS_STAT_H 1
#define HAVE_SYS_TYPES_H 1
#define HAVE_UNISTD_H 1
#define STDC_HEADERS 1
#define HAVE_DLFCN_H 1
#define LT_OBJDIR ".libs/"
#define HAVE___INT128 1
#define HAVE_BUILTIN_EXPECT 1
#define USE_ASM_X86_64 1
#define USE_FIELD_5X52 1
#define USE_NUM_NONE 1
#define USE_FIELD_INV_BUILTIN 1
#define USE_SCALAR_INV_BUILTIN 1
#define USE_SCALAR_4X64 1
#define HAVE_LIBCRYPTO 1
#define ENABLE_OPENSSL_TESTS 1
#define USE_ECMULT_STATIC_PRECOMPUTATION 1
#define ENABLE_MODULE_RECOVERY 1

configure: exit 0
